# JRE version: Java(TM) SE Runtime Environment (8.0_45-b15) (build 1.8.0_45-b15)
# Java VM: Java HotSpot(TM) 64-Bit Server VM (25.45-b02 mixed mode windows-amd64 compressed oops)
Heap:
 PSYoungGen      total 198144K, used 44666K [0x00000000ebb80000, 0x00000000f8e00000, 0x0000000100000000)
  eden space 180736K, 18% used [0x00000000ebb80000,0x00000000edc50a88,0x00000000f6c00000)
  from space 17408K, 63% used [0x00000000f6c00000,0x00000000f76cdda8,0x00000000f7d00000)
  to   space 16384K, 0% used [0x00000000f7e00000,0x00000000f7e00000,0x00000000f8e00000)
 ParOldGen       total 54784K, used 35842K [0x00000000c3200000, 0x00000000c6780000, 0x00000000ebb80000)
  object space 54784K, 65% used [0x00000000c3200000,0x00000000c5500928,0x00000000c6780000)
 Metaspace       used 31854K, capacity 32270K, committed 32512K, reserved 1077248K
  class space    used 3715K, capacity 3811K, committed 3840K, reserved 1048576K
GC Heap History (10 events):
Event: 22.173 GC heap before
{Heap before GC invocations=7 (full 0):
 PSYoungGen      total 72704K, used 69114K [0x00000000ebb80000, 0x00000000f0c80000, 0x0000000100000000)
  eden space 63488K, 100% used [0x00000000ebb80000,0x00000000ef980000,0x00000000ef980000)
  from space 9216K, 61% used [0x00000000f0380000,0x00000000f08fe900,0x00000000f0c80000)
  to   space 9728K, 0% used [0x00000000ef980000,0x00000000ef980000,0x00000000f0300000)
 ParOldGen       total 42496K, used 17437K [0x00000000c3200000, 0x00000000c5b80000, 0x00000000ebb80000)
  object space 42496K, 41% used [0x00000000c3200000,0x00000000c4307560,0x00000000c5b80000)
 Metaspace       used 20283K, capacity 20514K, committed 20864K, reserved 1067008K
  class space    used 2778K, capacity 2837K, committed 2944K, reserved 1048576K
Event: 22.214 GC heap after
Heap after GC invocations=7 (full 0):
 PSYoungGen      total 73216K, used 9701K [0x00000000ebb80000, 0x00000000f5580000, 0x0000000100000000)
  eden space 63488K, 0% used [0x00000000ebb80000,0x00000000ebb80000,0x00000000ef980000)
  from space 9728K, 99% used [0x00000000ef980000,0x00000000f02f9568,0x00000000f0300000)
  to   space 15360K, 0% used [0x00000000f4680000,0x00000000f4680000,0x00000000f5580000)
 ParOldGen       total 42496K, used 25740K [0x00000000c3200000, 0x00000000c5b80000, 0x00000000ebb80000)
  object space 42496K, 60% used [0x00000000c3200000,0x00000000c4b232b8,0x00000000c5b80000)
 Metaspace       used 20283K, capacity 20514K, committed 20864K, reserved 1067008K
  class space    used 2778K, capacity 2837K, committed 2944K, reserved 1048576K
}
Event: 22.722 GC heap before
{Heap before GC invocations=8 (full 0):
 PSYoungGen      total 73216K, used 19327K [0x00000000ebb80000, 0x00000000f5580000, 0x0000000100000000)
  eden space 63488K, 15% used [0x00000000ebb80000,0x00000000ec4e69e8,0x00000000ef980000)
  from space 9728K, 99% used [0x00000000ef980000,0x00000000f02f9568,0x00000000f0300000)
  to   space 15360K, 0% used [0x00000000f4680000,0x00000000f4680000,0x00000000f5580000)
 ParOldGen       total 42496K, used 25740K [0x00000000c3200000, 0x00000000c5b80000, 0x00000000ebb80000)
  object space 42496K, 60% used [0x00000000c3200000,0x00000000c4b232b8,0x00000000c5b80000)
 Metaspace       used 20858K, capacity 21064K, committed 21296K, reserved 1067008K
  class space    used 2831K, capacity 2870K, committed 2944K, reserved 1048576K
Event: 22.750 GC heap after
Heap after GC invocations=8 (full 0):
 PSYoungGen      total 141312K, used 12886K [0x00000000ebb80000, 0x00000000f5780000, 0x0000000100000000)
  eden space 125952K, 0% used [0x00000000ebb80000,0x00000000ebb80000,0x00000000f3680000)
  from space 15360K, 83% used [0x00000000f4680000,0x00000000f5315a00,0x00000000f5580000)
  to   space 16384K, 0% used [0x00000000f3680000,0x00000000f3680000,0x00000000f4680000)
 ParOldGen       total 42496K, used 26628K [0x00000000c3200000, 0x00000000c5b80000, 0x00000000ebb80000)
  object space 42496K, 62% used [0x00000000c3200000,0x00000000c4c012c8,0x00000000c5b80000)
 Metaspace       used 20858K, capacity 21064K, committed 21296K, reserved 1067008K
  class space    used 2831K, capacity 2870K, committed 2944K, reserved 1048576K
}
Event: 22.750 GC heap before
{Heap before GC invocations=9 (full 1):
 PSYoungGen      total 141312K, used 12886K [0x00000000ebb80000, 0x00000000f5780000, 0x0000000100000000)
  eden space 125952K, 0% used [0x00000000ebb80000,0x00000000ebb80000,0x00000000f3680000)
  from space 15360K, 83% used [0x00000000f4680000,0x00000000f5315a00,0x00000000f5580000)
  to   space 16384K, 0% used [0x00000000f3680000,0x00000000f3680000,0x00000000f4680000)
 ParOldGen       total 42496K, used 26628K [0x00000000c3200000, 0x00000000c5b80000, 0x00000000ebb80000)
  object space 42496K, 62% used [0x00000000c3200000,0x00000000c4c012c8,0x00000000c5b80000)
 Metaspace       used 20858K, capacity 21064K, committed 21296K, reserved 1067008K
  class space    used 2831K, capacity 2870K, committed 2944K, reserved 1048576K
Event: 22.899 GC heap after
Heap after GC invocations=9 (full 1):
 PSYoungGen      total 141312K, used 0K [0x00000000ebb80000, 0x00000000f5780000, 0x0000000100000000)
  eden space 125952K, 0% used [0x00000000ebb80000,0x00000000ebb80000,0x00000000f3680000)
  from space 15360K, 0% used [0x00000000f4680000,0x00000000f4680000,0x00000000f5580000)
  to   space 16384K, 0% used [0x00000000f3680000,0x00000000f3680000,0x00000000f4680000)
 ParOldGen       total 54784K, used 25757K [0x00000000c3200000, 0x00000000c6780000, 0x00000000ebb80000)
  object space 54784K, 47% used [0x00000000c3200000,0x00000000c4b275b8,0x00000000c6780000)
 Metaspace       used 20858K, capacity 21064K, committed 21296K, reserved 1067008K
  class space    used 2831K, capacity 2870K, committed 2944K, reserved 1048576K
}
Event: 45.056 GC heap before
{Heap before GC invocations=10 (full 1):
 PSYoungGen      total 141312K, used 125952K [0x00000000ebb80000, 0x00000000f5780000, 0x0000000100000000)
  eden space 125952K, 100% used [0x00000000ebb80000,0x00000000f3680000,0x00000000f3680000)
  from space 15360K, 0% used [0x00000000f4680000,0x00000000f4680000,0x00000000f5580000)
  to   space 16384K, 0% used [0x00000000f3680000,0x00000000f3680000,0x00000000f4680000)
 ParOldGen       total 54784K, used 25757K [0x00000000c3200000, 0x00000000c6780000, 0x00000000ebb80000)
  object space 54784K, 47% used [0x00000000c3200000,0x00000000c4b275b8,0x00000000c6780000)
 Metaspace       used 26300K, capacity 26610K, committed 27008K, reserved 1073152K
  class space    used 3356K, capacity 3423K, committed 3456K, reserved 1048576K
Event: 45.090 GC heap after
Heap after GC invocations=10 (full 1):
 PSYoungGen      total 142336K, used 13632K [0x00000000ebb80000, 0x00000000f8f80000, 0x0000000100000000)
  eden space 125952K, 0% used [0x00000000ebb80000,0x00000000ebb80000,0x00000000f3680000)
  from space 16384K, 83% used [0x00000000f3680000,0x00000000f43d0128,0x00000000f4680000)
  to   space 17920K, 0% used [0x00000000f7e00000,0x00000000f7e00000,0x00000000f8f80000)
 ParOldGen       total 54784K, used 25757K [0x00000000c3200000, 0x00000000c6780000, 0x00000000ebb80000)
  object space 54784K, 47% used [0x00000000c3200000,0x00000000c4b275b8,0x00000000c6780000)
 Metaspace       used 26300K, capacity 26610K, committed 27008K, reserved 1073152K
  class space    used 3356K, capacity 3423K, committed 3456K, reserved 1048576K
}
Event: 47.085 GC heap before
{Heap before GC invocations=11 (full 1):
 PSYoungGen      total 142336K, used 139584K [0x00000000ebb80000, 0x00000000f8f80000, 0x0000000100000000)
  eden space 125952K, 100% used [0x00000000ebb80000,0x00000000f3680000,0x00000000f3680000)
  from space 16384K, 83% used [0x00000000f3680000,0x00000000f43d0128,0x00000000f4680000)
  to   space 17920K, 0% used [0x00000000f7e00000,0x00000000f7e00000,0x00000000f8f80000)
 ParOldGen       total 54784K, used 25757K [0x00000000c3200000, 0x00000000c6780000, 0x00000000ebb80000)
  object space 54784K, 47% used [0x00000000c3200000,0x00000000c4b275b8,0x00000000c6780000)
 Metaspace       used 26817K, capacity 27158K, committed 27520K, reserved 1073152K
  class space    used 3363K, capacity 3429K, committed 3456K, reserved 1048576K
Event: 47.114 GC heap after
Heap after GC invocations=11 (full 1):
 PSYoungGen      total 197120K, used 10269K [0x00000000ebb80000, 0x00000000f8e00000, 0x0000000100000000)
  eden space 180736K, 0% used [0x00000000ebb80000,0x00000000ebb80000,0x00000000f6c00000)
  from space 16384K, 62% used [0x00000000f7e00000,0x00000000f8807490,0x00000000f8e00000)
  to   space 17408K, 0% used [0x00000000f6c00000,0x00000000f6c00000,0x00000000f7d00000)
 ParOldGen       total 54784K, used 25765K [0x00000000c3200000, 0x00000000c6780000, 0x00000000ebb80000)
  object space 54784K, 47% used [0x00000000c3200000,0x00000000c4b295b8,0x00000000c6780000)
 Metaspace       used 26817K, capacity 27158K, committed 27520K, reserved 1073152K
  class space    used 3363K, capacity 3429K, committed 3456K, reserved 1048576K
}

